4c4
< Position    5
---
> Position    106
12c12
< Position    5
---
> Position    106
20c20
< Position    4
---
> Position    104
22a23
> Flags       1
28,29c29,30
< Position    0
< Level       101
---
> Position    100
> Level       51
30a32
> Flags       1
36c38
< Position    0
---
> Position    100
38a41
> Flags       1
44c47
< Position    0
---
> Position    100
52,53c55,56
< Position    0
< Level       101
---
> Position    100
> Level       51
60,61c63,64
< Position    4
< Level       3
---
> Position    104
> Level       5
62a66
> Flags       1
68,69c72,73
< Position    0
< Level       102
---
> Position    100
> Level       52
76c80
< Position    4
---
> Position    104
84c88
< Position    4
---
> Position    104
92c96
< Position    0
---
> Position    100
100c104
< Position    4
---
> Position    104
102a107
> Flags       1
108,109c113,114
< Position    0
< Level       113
---
> Position    100
> Level       53
116,117c121,122
< Position    0
< Level       113
---
> Position    100
> Level       61
124,125c129,130
< Position    0
< Level       108
---
> Position    100
> Level       58
132c137
< Position    5
---
> Position    106
140,141c145,146
< Position    0
< Level       1
---
> Position    100
> Level       0
148,149c153,154
< Position    0
< Level       106
---
> Position    100
> Level       59
156c161
< Position    4
---
> Position    104
158a164
> Flags       1
164,165c170,171
< Position    0
< Level       106
---
> Position    100
> Level       59
172,173c178,179
< Position    0
< Level       100
---
> Position    100
> Level       51
174a181
> Flags       1
180c187
< Position    0
---
> Position    100
185a193,208
> Name        atobj~
> Code        do_atobj
> Position    100
> Level       52
> Log         0
> End
> 
> #COMMAND
> Name        atmob~
> Code        do_atmob
> Position    100
> Level       52
> Log         0
> End
> 
> #COMMAND
188c211
< Position    5
---
> Position    106
196c219
< Position    6
---
> Position    108
204c227
< Position    8
---
> Position    112
212,213c235,236
< Position    6
< Level       114
---
> Position    108
> Level       59
214a238
> Flags       4
220,221c244,245
< Position    0
< Level       101
---
> Position    100
> Level       51
228,229c252,253
< Position    0
< Level       101
---
> Position    100
> Level       51
236,237c260,261
< Position    0
< Level       113
---
> Position    100
> Level       58
244,245c268,269
< Position    0
< Level       113
---
> Position    100
> Level       62
252,253c276,277
< Position    0
< Level       5
---
> Position    100
> Level       1
260,261c284,285
< Position    0
< Level       101
---
> Position    100
> Level       51
268,269c292,293
< Position    0
< Level       102
---
> Position    100
> Level       58
276,277c300,301
< Position    0
< Level       113
---
> Position    100
> Level       61
284,285c308,309
< Position    0
< Level       110
---
> Position    100
> Level       58
292c316
< Position    0
---
> Position    100
300c324
< Position    8
---
> Position    112
308,309c332,333
< Position    0
< Level       109
---
> Position    100
> Level       59
316c340
< Position    4
---
> Position    104
324c348
< Position    0
---
> Position    100
326a351
> Flags       4
332c357
< Position    5
---
> Position    106
340c365
< Position    5
---
> Position    106
348c373
< Position    0
---
> Position    100
356,357c381,382
< Position    3
< Level       0
---
> Position    103
> Level       2
358a384
> Flags       3
364,365c390,391
< Position    0
< Level       110
---
> Position    100
> Level       58
372c398
< Position    0
---
> Position    100
380c406
< Position    0
---
> Position    100
388,389c414,415
< Position    0
< Level       111
---
> Position    100
> Level       61
396,397c422,423
< Position    0
< Level       113
---
> Position    100
> Level       61
404,405c430,431
< Position    0
< Level       113
---
> Position    100
> Level       55
412c438
< Position    5
---
> Position    106
420c446
< Position    0
---
> Position    100
428,429c454,455
< Position    5
< Level       0
---
> Position    106
> Level       51
436c462
< Position    0
---
> Position    100
444,445c470,471
< Position    0
< Level       113
---
> Position    100
> Level       55
452,453c478,479
< Position    0
< Level       100
---
> Position    100
> Level       0
454a481
> Flags       1
460c487
< Position    0
---
> Position    100
468c495
< Position    0
---
> Position    100
476,477c503,504
< Position    0
< Level       113
---
> Position    100
> Level       61
484,485c511,512
< Position    0
< Level       113
---
> Position    100
> Level       57
490,494c517,529
< Name        copyover~
< Code        do_copyover
< Position    0
< Level       114
< Log         1
---
> Name        climate~
> Code        do_climate
> Position    100
> Level       61
> Log         0
> End
> 
> #COMMAND
> Name        cook~
> Code        do_cook
> Position    100
> Level       1
> Log         0
500c535
< Position    8
---
> Position    112
508c543
< Position    5
---
> Position    106
516c551
< Position    5
---
> Position    106
524,525c559,560
< Position    0
< Level       108
---
> Position    100
> Level       58
526a562
> Flags       4
532c568
< Position    0
---
> Position    100
540,541c576,577
< Position    8
< Level       115
---
> Position    112
> Level       60
548,549c584,585
< Position    8
< Level       114
---
> Position    112
> Level       65
550a587
> Flags       4
556c593
< Position    8
---
> Position    112
564,565c601,602
< Position    0
< Level       113
---
> Position    100
> Level       58
572,573c609,610
< Position    0
< Level       108
---
> Position    100
> Level       58
580c617
< Position    8
---
> Position    112
588,589c625,626
< Position    0
< Level       102
---
> Position    106
> Level       5
596c633
< Position    0
---
> Position    100
604c641
< Position    0
---
> Position    100
612,613c649,674
< Position    0
< Level       111
---
> Position    100
> Level       62
> Log         0
> End
> 
> #COMMAND
> Name        dismiss~
> Code        do_dismiss
> Position    100
> Level       2
> Log         0
> End
> 
> #COMMAND
> Name        delay~
> Code        do_delay
> Position    100
> Level       58
> Log         0
> End
> 
> #COMMAND
> Name        date~
> Code        do_time
> Position    100
> Level       0
620c681
< Position    8
---
> Position    112
628c689
< Position    5
---
> Position    106
636c697
< Position    5
---
> Position    106
644c705
< Position    5
---
> Position    106
652c713
< Position    5
---
> Position    106
660c721
< Position    0
---
> Position    100
668,669c729,730
< Position    0
< Level       110
---
> Position    100
> Level       54
676c737
< Position    6
---
> Position    108
684c745
< Position    8
---
> Position    112
689a751,758
> Name        elevate~
> Code        do_elevate
> Position    100
> Level       60
> Log         0
> End
> 
> #COMMAND
692c761
< Position    5
---
> Position    106
700c769
< Position    5
---
> Position    106
708,709c777,778
< Position    0
< Level       105
---
> Position    100
> Level       62
716c785
< Position    7
---
> Position    107
724,725c793,794
< Position    0
< Level       110
---
> Position    100
> Level       61
732,733c801,802
< Position    0
< Level       111
---
> Position    100
> Level       59
740,741c809,810
< Position    0
< Level       110
---
> Position    100
> Level       52
748,749c817,818
< Position    0
< Level       105
---
> Position    100
> Level       55
756,757c825,826
< Position    0
< Level       111
---
> Position    100
> Level       61
764,765c833,834
< Position    0
< Level       113
---
> Position    100
> Level       58
772,773c841,842
< Position    0
< Level       101
---
> Position    100
> Level       51
777a847,878
> Name        fixed~
> Code        do_fixed
> Position    100
> Level       51
> Log         0
> End
> 
> #COMMAND
> Name        fprompt~
> Code        do_fprompt
> Position    100
> Level       2
> Log         0
> End
> 
> #COMMAND
> Name        findnote~
> Code        do_findnote
> Position    100
> Level       2
> Log         0
> End
> 
> #COMMAND
> Name        fire~
> Code        do_fire
> Position    100
> Level       5
> Log         0
> End
> 
> #COMMAND
780c881
< Position    5
---
> Position    106
788c889
< Position    5
---
> Position    106
796c897
< Position    0
---
> Position    100
804c905
< Position    4
---
> Position    104
812c913
< Position    0
---
> Position    100
820c921
< Position    5
---
> Position    106
828,829c929,930
< Position    0
< Level       101
---
> Position    100
> Level       51
836c937
< Position    0
---
> Position    100
844,845c945,946
< Position    0
< Level       112
---
> Position    100
> Level       55
852c953
< Position    0
---
> Position    100
857a959,974
> Name        gfighting~
> Code        do_gfighting
> Position    100
> Level       61
> Log         0
> End
> 
> #COMMAND
> Name        gwhere~
> Code        do_gwhere
> Position    100
> Level       63
> Log         0
> End
> 
> #COMMAND
860c977
< Position    0
---
> Position    100
868c985
< Position    5
---
> Position    107
876,877c993,994
< Position    0
< Level       112
---
> Position    100
> Level       59
884,885c1001,1002
< Position    0
< Level       115
---
> Position    100
> Level       51
889a1007,1014
> Name        hl~
> Code        do_hl
> Position    100
> Level       0
> Log         0
> End
> 
> #COMMAND
892,893c1017,1018
< Position    0
< Level       2
---
> Position    100
> Level       0
900,901c1025,1026
< Position    0
< Level       101
---
> Position    100
> Level       51
908c1033
< Position    0
---
> Position    100
916,917c1041,1042
< Position    0
< Level       112
---
> Position    100
> Level       59
924c1049
< Position    0
---
> Position    100
932c1057
< Position    0
---
> Position    100
940c1065
< Position    0
---
> Position    100
946,977d1070
< Name        ilist~
< Code        do_ilist
< Position    0
< Level       113
< Log         0
< End
< 
< #COMMAND
< Name        icommand~
< Code        do_icommand
< Position    0
< Level       110
< Log         0
< End
< 
< #COMMAND
< Name        isetup~
< Code        do_isetup
< Position    0
< Level       113
< Log         0
< End
< 
< #COMMAND
< Name        imc~
< Code        do_imc
< Position    0
< Level       113
< Log         0
< End
< 
< #COMMAND
980,981c1073,1074
< Position    0
< Level       102
---
> Position    100
> Level       51
982a1076
> Flags       1
988c1082
< Position    0
---
> Position    100
996,997c1090,1091
< Position    0
< Level       113
---
> Position    100
> Level       59
1004,1005c1098,1099
< Position    8
< Level       10
---
> Position    112
> Level       50
1012,1013c1106,1107
< Position    0
< Level       113
---
> Position    100
> Level       65
1020,1021c1114,1115
< Position    0
< Level       106
---
> Position    100
> Level       61
1028,1029c1122,1123
< Position    0
< Level       102
---
> Position    100
> Level       51
1036,1037c1130,1131
< Position    0
< Level       106
---
> Position    100
> Level       54
1044,1045c1138,1139
< Position    0
< Level       113
---
> Position    100
> Level       58
1052,1053c1146,1147
< Position    0
< Level       2
---
> Position    100
> Level       58
1058,1061c1152,1203
< Name        istats~
< Code        do_istats
< Position    0
< Level       2
---
> Name        ignore~
> Code        do_ignore
> Position    100
> Level       1
> Log         0
> End
> 
> #COMMAND
> Name        immhost~
> Code        do_add_imm_host
> Position    100
> Level       61
> Log         0
> End
> 
> #COMMAND
> Name        ipcompare~
> Code        do_ipcompare
> Position    100
> Level       52
> Log         0
> End
> 
> #COMMAND
> Name        ichannels~
> Code        do_ichannels
> Position    100
> Level       63
> Log         0
> End
> 
> #COMMAND
> Name        isetup~
> Code        do_isetup
> Position    100
> Level       63
> Log         0
> End
> 
> #COMMAND
> Name        ilist~
> Code        do_ilist
> Position    100
> Level       63
> Log         0
> End
> 
> #COMMAND
> Name        icommand~
> Code        do_icommand
> Position    100
> Level       63
1068c1210
< Position    7
---
> Position    109
1073a1216,1223
> Name        khistory~
> Code        do_khistory
> Position    100
> Level       58
> Log         0
> End
> 
> #COMMAND
1076c1226
< Position    5
---
> Position    106
1084c1234
< Position    5
---
> Position    106
1092c1242
< Position    0
---
> Position    100
1100c1250
< Position    5
---
> Position    106
1108c1258
< Position    5
---
> Position    106
1116,1117c1266,1267
< Position    0
< Level       2
---
> Position    100
> Level       54
1124c1274
< Position    8
---
> Position    112
1132c1282
< Position    6
---
> Position    108
1140,1141c1290,1291
< Position    0
< Level       113
---
> Position    100
> Level       52
1148,1149c1298,1299
< Position    0
< Level       106
---
> Position    100
> Level       54
1156,1157c1306,1307
< Position    0
< Level       113
---
> Position    100
> Level       58
1164,1165c1314,1315
< Position    0
< Level       106
---
> Position    100
> Level       55
1169a1320,1327
> Name        laws~
> Code        do_laws
> Position    100
> Level       1
> Log         0
> End
> 
> #COMMAND
1172c1330
< Position    0
---
> Position    100
1174a1333
> Flags       1
1180c1339
< Position    0
---
> Position    100
1188c1347
< Position    0
---
> Position    100
1196c1355
< Position    0
---
> Position    100
1198a1358
> Flags       5
1204,1205c1364,1365
< Position    0
< Level       1
---
> Position    100
> Level       0
1206a1367
> Flags       1
1212c1373
< Position    0
---
> Position    100
1220c1381
< Position    0
---
> Position    100
1228c1389
< Position    0
---
> Position    100
1230a1392
> Flags       1
1236c1398
< Position    0
---
> Position    100
1238a1401
> Flags       1
1244c1407
< Position    0
---
> Position    100
1246a1410
> Flags       1
1252c1416
< Position    0
---
> Position    100
1254a1419
> Flags       1
1260c1425
< Position    0
---
> Position    100
1262a1428,1437
> Flags       1
> End
> 
> #COMMAND
> Name        mpdelay~
> Code        do_mpdelay
> Position    100
> Level       0
> Log         0
> Flags       1
1268c1443
< Position    0
---
> Position    100
1270a1446
> Flags       1
1276c1452
< Position    0
---
> Position    100
1278a1455
> Flags       1
1284c1461
< Position    0
---
> Position    100
1286a1464
> Flags       1
1292c1470
< Position    0
---
> Position    100
1294a1473
> Flags       1
1300c1479
< Position    0
---
> Position    100
1302a1482
> Flags       1
1308c1488
< Position    0
---
> Position    100
1310a1491
> Flags       1
1316c1497
< Position    0
---
> Position    100
1318a1500
> Flags       1
1324c1506
< Position    0
---
> Position    100
1326a1509
> Flags       1
1332c1515
< Position    0
---
> Position    100
1334a1518
> Flags       1
1340c1524
< Position    0
---
> Position    100
1342a1527
> Flags       1
1348c1533
< Position    0
---
> Position    100
1350a1536
> Flags       1
1356c1542
< Position    0
---
> Position    100
1358a1545
> Flags       1
1364c1551
< Position    0
---
> Position    100
1366a1554
> Flags       1
1372c1560
< Position    0
---
> Position    100
1374a1563
> Flags       1
1380c1569
< Position    0
---
> Position    100
1382a1572
> Flags       1
1388c1578
< Position    0
---
> Position    100
1390a1581
> Flags       1
1396c1587
< Position    0
---
> Position    100
1398a1590
> Flags       1
1404c1596
< Position    0
---
> Position    100
1406a1599
> Flags       1
1412c1605
< Position    5
---
> Position    106
1420,1421c1613,1614
< Position    0
< Level       15
---
> Position    100
> Level       50
1422a1616
> Flags       4
1428,1429c1622,1623
< Position    0
< Level       113
---
> Position    100
> Level       61
1436,1437c1630,1631
< Position    0
< Level       113
---
> Position    100
> Level       61
1444,1445c1638,1639
< Position    0
< Level       113
---
> Position    100
> Level       61
1452,1453c1646,1647
< Position    0
< Level       108
---
> Position    100
> Level       54
1460,1461c1654,1655
< Position    0
< Level       108
---
> Position    100
> Level       54
1468,1469c1662,1663
< Position    0
< Level       113
---
> Position    100
> Level       61
1476,1477c1670,1671
< Position    0
< Level       102
---
> Position    100
> Level       62
1484,1485c1678,1679
< Position    0
< Level       107
---
> Position    100
> Level       57
1492,1493c1686,1687
< Position    0
< Level       113
---
> Position    100
> Level       61
1500,1501c1694,1695
< Position    0
< Level       108
---
> Position    100
> Level       55
1508,1509c1702,1703
< Position    0
< Level       108
---
> Position    100
> Level       54
1516,1518c1710,1712
< Position    0
< Level       2
< Log         0
---
> Position    100
> Level       57
> Log         1
1524,1525c1718,1719
< Position    0
< Level       103
---
> Position    100
> Level       51
1532,1533c1726,1727
< Position    0
< Level       105
---
> Position    100
> Level       54
1540,1541c1734,1735
< Position    0
< Level       108
---
> Position    100
> Level       54
1548,1549c1742,1743
< Position    0
< Level       115
---
> Position    100
> Level       54
1556,1557c1750,1751
< Position    0
< Level       108
---
> Position    100
> Level       55
1558a1753
> Flags       1
1564,1565c1759,1760
< Position    0
< Level       108
---
> Position    100
> Level       54
1566a1762
> Flags       1
1572,1573c1768,1769
< Position    0
< Level       108
---
> Position    100
> Level       54
1580,1581c1776,1777
< Position    0
< Level       108
---
> Position    100
> Level       54
1588,1589c1784,1785
< Position    0
< Level       108
---
> Position    100
> Level       53
1596c1792
< Position    7
---
> Position    109
1604c1800
< Position    7
---
> Position    109
1612c1808
< Position    4
---
> Position    104
1614a1811
> Flags       1
1620,1621c1817,1818
< Position    0
< Level       105
---
> Position    100
> Level       55
1622a1820
> Flags       1
1628,1629c1826,1827
< Position    0
< Level       103
---
> Position    100
> Level       52
1636,1637c1834,1835
< Position    0
< Level       111
---
> Position    100
> Level       61
1644c1842
< Position    0
---
> Position    100
1646a1845
> Flags       1
1650,1653c1849,1931
< Name        mailq~
< Code        do_mailqueue
< Position    0
< Level       111
---
> Name        mposet~
> Code        do_mposet
> Position    100
> Level       0
> Log         0
> Flags       1
> End
> 
> #COMMAND
> Name        mpmset~
> Code        do_mpmset
> Position    100
> Level       0
> Log         0
> Flags       1
> End
> 
> #COMMAND
> Name        mortalize~
> Code        do_mortalize
> Position    100
> Level       58
> Log         1
> End
> 
> #COMMAND
> Name        mppardon~
> Code        do_mppardon
> Position    100
> Level       0
> Log         1
> Flags       1
> End
> 
> #COMMAND
> Name        mpscatter~
> Code        do_mpscatter
> Position    100
> Level       0
> Log         0
> Flags       1
> End
> 
> #COMMAND
> Name        mppeace~
> Code        do_mppeace
> Position    100
> Level       0
> Log         0
> Flags       1
> End
> 
> #COMMAND
> Name        mpechozone~
> Code        do_mpechozone
> Position    100
> Level       0
> Log         0
> Flags       1
> End
> 
> #COMMAND
> Name        mez~
> Code        do_mpechozone
> Position    100
> Level       0
> Log         0
> End
> 
> #COMMAND
> Name        mplog~
> Code        do_mp_log
> Position    100
> Level       0
> Log         0
> Flags       1
> End
> 
> #COMMAND
> Name        moblog~
> Code        do_moblog
> Position    100
> Level       58
1657a1936,1988
> Name        mpasupress~
> Code        do_mpasupress
> Position    100
> Level       0
> Log         0
> Flags       1
> End
> 
> #COMMAND
> Name        mpmorph~
> Code        do_mpmorph
> Position    100
> Level       1
> Log         0
> Flags       1
> End
> 
> #COMMAND
> Name        mpunmorph~
> Code        do_mpunmorph
> Position    100
> Level       1
> Log         0
> Flags       1
> End
> 
> #COMMAND
> Name        mpunnuisance~
> Code        do_mpunnuisance
> Position    100
> Level       1
> Log         0
> Flags       1
> End
> 
> #COMMAND
> Name        mpnuisance~
> Code        do_nuisance
> Position    100
> Level       1
> Log         0
> End
> 
> #COMMAND
> Name        mpbodybag~
> Code        do_mpbodybag
> Position    100
> Level       1
> Log         0
> Flags       1
> End
> 
> #COMMAND
1660c1991
< Position    8
---
> Position    112
1668c1999
< Position    0
---
> Position    100
1676c2007
< Position    8
---
> Position    112
1684c2015
< Position    8
---
> Position    112
1692c2023
< Position    5
---
> Position    106
1700c2031
< Position    0
---
> Position    100
1702a2034
> Flags       1
1708,1709c2040,2041
< Position    0
< Level       101
---
> Position    100
> Level       51
1716,1717c2048,2049
< Position    0
< Level       106
---
> Position    100
> Level       53
1724,1725c2056,2057
< Position    0
< Level       113
---
> Position    100
> Level       53
1732,1733c2064,2065
< Position    0
< Level       111
---
> Position    100
> Level       61
1740c2072
< Position    8
---
> Position    112
1748c2080
< Position    8
---
> Position    112
1756,1757c2088,2089
< Position    0
< Level       113
---
> Position    100
> Level       52
1764,1765c2096,2121
< Position    0
< Level       113
---
> Position    100
> Level       53
> Log         1
> End
> 
> #COMMAND
> Name        news~
> Code        do_news
> Position    100
> Level       1
> Log         0
> End
> 
> #COMMAND
> Name        newscore~
> Code        do_newscore
> Position    100
> Level       63
> Log         0
> End
> 
> #COMMAND
> Name        nuisance~
> Code        do_nuisance
> Position    100
> Level       54
1772c2128
< Position    5
---
> Position    106
1780c2136
< Position    5
---
> Position    106
1788,1789c2144,2145
< Position    0
< Level       113
---
> Position    100
> Level       61
1796,1797c2152,2153
< Position    0
< Level       107
---
> Position    100
> Level       54
1804,1805c2160,2161
< Position    0
< Level       107
---
> Position    100
> Level       54
1812,1813c2168,2169
< Position    0
< Level       102
---
> Position    100
> Level       54
1820,1821c2176,2177
< Position    0
< Level       105
---
> Position    100
> Level       54
1828c2184
< Position    0
---
> Position    100
1836,1837c2192,2193
< Position    0
< Level       107
---
> Position    100
> Level       54
1844,1845c2200,2201
< Position    0
< Level       107
---
> Position    100
> Level       54
1852,1853c2208,2209
< Position    0
< Level       107
---
> Position    100
> Level       54
1860,1861c2216,2217
< Position    0
< Level       107
---
> Position    100
> Level       54
1868,1869c2224,2225
< Position    0
< Level       107
---
> Position    100
> Level       54
1876c2232
< Position    0
---
> Position    100
1884c2240
< Position    0
---
> Position    100
1892,1893c2248,2249
< Position    0
< Level       107
---
> Position    100
> Level       54
1900c2256
< Position    0
---
> Position    100
1908,1909c2264,2265
< Position    8
< Level       10
---
> Position    112
> Level       50
1916,1917c2272,2273
< Position    0
< Level       102
---
> Position    100
> Level       53
1923,1925c2279,2281
< Code        reserved
< Position    0
< Level       115
---
> Code        (0x810dd20)
> Position    100
> Level       65
1932,1933c2288,2289
< Position    0
< Level       107
---
> Position    100
> Level       54
1940,1941c2296,2297
< Position    0
< Level       107
---
> Position    100
> Level       54
1948c2304
< Position    5
---
> Position    106
1956c2312
< Position    0
---
> Position    100
1964c2320
< Position    4
---
> Position    104
1972,1973c2328,2329
< Position    0
< Level       101
---
> Position    100
> Level       51
1980,1981c2336,2337
< Position    0
< Level       113
---
> Position    100
> Level       51
1988,1989c2344,2345
< Position    0
< Level       102
---
> Position    100
> Level       51
1996c2352
< Position    5
---
> Position    106
2004,2005c2360,2361
< Position    0
< Level       107
---
> Position    100
> Level       57
2012,2013c2368,2369
< Position    0
< Level       104
---
> Position    100
> Level       54
2020c2376
< Position    5
---
> Position    106
2028c2384
< Position    0
---
> Position    100
2036c2392
< Position    0
---
> Position    100
2041a2398,2413
> Name        project~
> Code        do_project
> Position    100
> Level       51
> Log         0
> End
> 
> #COMMAND
> Name        pcrename~
> Code        do_pcrename
> Position    100
> Level       62
> Log         0
> End
> 
> #COMMAND
2044c2416
< Position    5
---
> Position    105
2052c2424
< Position    0
---
> Position    100
2060c2432
< Position    0
---
> Position    100
2068c2440
< Position    6
---
> Position    104
2070a2443
> Flags       1
2076,2077c2449,2450
< Position    0
< Level       113
---
> Position    100
> Level       51
2081a2455,2462
> Name        qpstat~
> Code        do_qpstat
> Position    100
> Level       51
> Log         0
> End
> 
> #COMMAND
2084c2465
< Position    4
---
> Position    104
2092c2473
< Position    0
---
> Position    106
2100,2101c2481,2482
< Position    5
< Level       2
---
> Position    106
> Level       0
2108c2489
< Position    5
---
> Position    106
2116c2497
< Position    6
---
> Position    107
2124,2125c2505,2506
< Position    0
< Level       100
---
> Position    100
> Level       56
2132,2133c2513,2514
< Position    0
< Level       113
---
> Position    100
> Level       61
2140,2141c2521,2522
< Position    0
< Level       106
---
> Position    100
> Level       61
2148,2149c2529,2530
< Position    0
< Level       106
---
> Position    100
> Level       53
2156,2157c2537,2538
< Position    0
< Level       113
---
> Position    100
> Level       60
2164,2165c2545,2546
< Position    0
< Level       113
---
> Position    100
> Level       60
2172c2553
< Position    5
---
> Position    106
2180,2181c2561,2562
< Position    0
< Level       102
---
> Position    100
> Level       52
2188,2189c2569,2570
< Position    0
< Level       106
---
> Position    100
> Level       53
2196,2197c2577,2578
< Position    0
< Level       102
---
> Position    100
> Level       52
2204,2205c2585,2586
< Position    0
< Level       102
---
> Position    100
> Level       52
2212,2213c2593,2594
< Position    0
< Level       101
---
> Position    100
> Level       51
2220c2601
< Position    0
---
> Position    100
2228,2229c2609,2610
< Position    0
< Level       108
---
> Position    100
> Level       54
2236,2237c2617,2618
< Position    0
< Level       104
---
> Position    100
> Level       54
2244,2245c2625,2626
< Position    0
< Level       104
---
> Position    100
> Level       54
2252,2253c2633,2634
< Position    0
< Level       106
---
> Position    100
> Level       53
2260,2261c2641,2642
< Position    0
< Level       108
---
> Position    100
> Level       54
2268,2269c2649,2650
< Position    0
< Level       104
---
> Position    100
> Level       54
2276,2277c2657,2658
< Position    0
< Level       113
---
> Position    100
> Level       57
2284,2285c2665,2666
< Position    0
< Level       109
---
> Position    100
> Level       51
2292,2293c2673,2674
< Position    0
< Level       105
---
> Position    100
> Level       52
2300,2301c2681,2682
< Position    0
< Level       114
---
> Position    100
> Level       59
2306,2313d2686
< Name        revert~
< Code        do_revert
< Position    5
< Level       0
< Log         0
< End
< 
< #COMMAND
2316c2689
< Position    0
---
> Position    100
2324,2333c2697,2698
< Position    0
< Level       106
< Log         0
< End
< 
< #COMMAND
< Name        rmenu~
< Code        do_rmenu
< Position    0
< Level       115
---
> Position    100
> Level       53
2340,2341c2705,2706
< Position    0
< Level       106
---
> Position    100
> Level       54
2348,2349c2713,2714
< Position    0
< Level       106
---
> Position    100
> Level       54
2356,2357c2721,2722
< Position    0
< Level       106
---
> Position    100
> Level       53
2364,2365c2729,2730
< Position    0
< Level       104
---
> Position    100
> Level       53
2372,2373c2737,2738
< Position    0
< Level       110
---
> Position    100
> Level       60
2378,2381c2743,2746
< Name        rtell~
< Code        do_rtell
< Position    3
< Level       2
---
> Name        rgrub~
> Code        do_rgrub
> Position    100
> Level       53
2386,2389c2751,2754
< Name        rreply~
< Code        do_rreply
< Position    3
< Level       2
---
> Name        rdisconnect~
> Code        do_rdisconnect
> Position    100
> Level       58
2394,2397c2759,2762
< Name        rwho~
< Code        do_rwho
< Position    0
< Level       2
---
> Name        rconnect~
> Code        do_rconnect
> Position    100
> Level       58
2402,2405c2767,2770
< Name        rwhois~
< Code        do_rwhois
< Position    0
< Level       5
---
> Name        rsockets~
> Code        do_rsockets
> Position    100
> Level       56
2410,2413c2775,2778
< Name        rfinger~
< Code        do_rfinger
< Position    0
< Level       5
---
> Name        rignore~
> Code        do_rignore
> Position    100
> Level       61
2418,2421c2783,2794
< Name        rquery~
< Code        do_rquery
< Position    0
< Level       5
---
> Name        rchanset~
> Code        do_rchanset
> Position    100
> Level       61
> Log         0
> End
> 
> #COMMAND
> Name        rtell~
> Code        do_rtell
> Position    100
> Level       2
2428c2801,2825
< Position    3
---
> Position    100
> Level       2
> Log         0
> End
> 
> #COMMAND
> Name        rreply~
> Code        do_rreply
> Position    100
> Level       2
> Log         0
> End
> 
> #COMMAND
> Name        rwho~
> Code        do_rwho
> Position    100
> Level       2
> Log         0
> End
> 
> #COMMAND
> Name        rquery~
> Code        do_rquery
> Position    100
2436c2833
< Position    0
---
> Position    100
2442,2446c2839,2843
< Name        rinfo~
< Code        do_rinfo
< Position    3
< Level       1
< Log         0
---
> Name        reserve~
> Code        do_reserve
> Position    100
> Level       59
> Log         1
2450,2453c2847,2850
< Name        rping~
< Code        do_rping
< Position    0
< Level       113
---
> Name        racetalk~
> Code        do_racetalk
> Position    100
> Level       2
2454a2852
> Flags       1
2458,2461c2856,2859
< Name        rsockets~
< Code        do_rsockets
< Position    0
< Level       104
---
> Name        rap~
> Code        do_rap
> Position    100
> Level       51
2466,2469c2864,2867
< Name        rconnect~
< Code        do_rconnect
< Position    0
< Level       111
---
> Name        remains~
> Code        do_remains
> Position    100
> Level       5
2474,2477c2872,2875
< Name        rdisconnect~
< Code        do_rdisconnect
< Position    0
< Level       111
---
> Name        retell~
> Code        do_retell
> Position    100
> Level       1
2482,2485c2880,2883
< Name        rignore~
< Code        do_rignore
< Position    0
< Level       111
---
> Name        repeat~
> Code        do_repeat
> Position    100
> Level       51
2490,2493c2888,2891
< Name        rchanset~
< Code        do_rchanset
< Position    0
< Level       111
---
> Name        rfinger~
> Code        do_rfinger
> Position    100
> Level       2
2498,2500c2896,2898
< Name        recall~
< Code        do_recall
< Position    5
---
> Name        rwhois~
> Code        do_rwhois
> Position    100
2508c2906
< Position    8
---
> Position    112
2516c2914
< Position    8
---
> Position    112
2524c2922
< Position    8
---
> Position    112
2532c2930
< Position    5
---
> Position    106
2540c2938
< Position    0
---
> Position    100
2548c2946
< Position    5
---
> Position    106
2556c2954
< Position    0
---
> Position    100
2564c2962
< Position    4
---
> Position    104
2572c2970
< Position    4
---
> Position    104
2577a2976,2991
> Name        stat~
> Code        do_stat
> Position    100
> Level       50
> Log         0
> End
> 
> #COMMAND
> Name        statreport~
> Code        do_statreport
> Position    100
> Level       50
> Log         0
> End
> 
> #COMMAND
2580,2581c2994,2995
< Position    0
< Level       106
---
> Position    100
> Level       53
2588c3002
< Position    5
---
> Position    106
2596,2597c3010,3011
< Position    0
< Level       112
---
> Position    100
> Level       58
2604,2605c3018,3019
< Position    0
< Level       110
---
> Position    100
> Level       60
2612,2613c3026,3027
< Position    0
< Level       108
---
> Position    100
> Level       58
2620,2621c3034,3035
< Position    0
< Level       111
---
> Position    100
> Level       61
2628c3042
< Position    5
---
> Position    106
2630a3045
> Flags       1
2636,2637c3051,3052
< Position    0
< Level       102
---
> Position    100
> Level       54
2644,2645c3059,3060
< Position    0
< Level       108
---
> Position    100
> Level       54
2652,2653c3067,3068
< Position    0
< Level       104
---
> Position    100
> Level       54
2660c3075
< Position    8
---
> Position    112
2668,2669c3083,3084
< Position    0
< Level       102
---
> Position    100
> Level       52
2676,2677c3091,3092
< Position    0
< Level       102
---
> Position    100
> Level       52
2684,2685c3099,3100
< Position    0
< Level       111
---
> Position    100
> Level       61
2692,2693c3107,3108
< Position    0
< Level       110
---
> Position    100
> Level       61
2700c3115
< Position    4
---
> Position    104
2708,2709c3123,3124
< Position    0
< Level       113
---
> Position    100
> Level       51
2716,2717c3131,3132
< Position    0
< Level       110
---
> Position    100
> Level       57
2724,2725c3139,3140
< Position    0
< Level       110
---
> Position    100
> Level       57
2732,2733c3147,3148
< Position    4
< Level       1
---
> Position    104
> Level       0
2740,2741c3155,3156
< Position    0
< Level       111
---
> Position    100
> Level       54
2748,2749c3163,3164
< Position    5
< Level       0
---
> Position    106
> Level       1
2756,2757c3171,3172
< Position    0
< Level       113
---
> Position    100
> Level       55
2758a3174
> Flags       4
2764,2765c3180,3181
< Position    0
< Level       102
---
> Position    100
> Level       52
2772c3188
< Position    0
---
> Position    100
2780c3196
< Position    8
---
> Position    112
2788c3204
< Position    8
---
> Position    112
2796c3212
< Position    5
---
> Position    106
2804c3220
< Position    5
---
> Position    106
2812,2813c3228,3229
< Position    0
< Level       111
---
> Position    100
> Level       57
2820,2821c3236,3237
< Position    0
< Level       109
---
> Position    100
> Level       52
2822a3239
> Flags       4
2828,2829c3245,3246
< Position    0
< Level       111
---
> Position    100
> Level       61
2836,2837c3253,3254
< Position    0
< Level       101
---
> Position    100
> Level       51
2844,2845c3261,3262
< Position    0
< Level       1
---
> Position    100
> Level       5
2852,2853c3269,3270
< Position    0
< Level       106
---
> Position    100
> Level       56
2860,2861c3277,3318
< Position    0
< Level       111
---
> Position    100
> Level       60
> Log         1
> End
> 
> #COMMAND
> Name        scatter~
> Code        do_scatter
> Position    100
> Level       61
> Log         1
> End
> 
> #COMMAND
> Name        style~
> Code        do_style
> Position    105
> Level       1
> Log         0
> End
> 
> #COMMAND
> Name        showweather~
> Code        do_showweather
> Position    100
> Level       61
> Log         0
> End
> 
> #COMMAND
> Name        setweather~
> Code        do_setweather
> Position    100
> Level       59
> Log         0
> End
> 
> #COMMAND
> Name        strew~
> Code        do_strew
> Position    100
> Level       63
2866,2869c3323,3366
< Name        saveall~
< Code        do_saveall
< Position    0
< Level       100
---
> Name        showorder~
> Code        do_showclan
> Position    100
> Level       52
> Log         0
> End
> 
> #COMMAND
> Name        showguild~
> Code        do_showclan
> Position    100
> Level       52
> Log         0
> End
> 
> #COMMAND
> Name        strip~
> Code        do_strip
> Position    100
> Level       59
> Log         1
> End
> 
> #COMMAND
> Name        showrace~
> Code        do_showrace
> Position    100
> Level       51
> Log         0
> End
> 
> #COMMAND
> Name        setrace~
> Code        do_setrace
> Position    100
> Level       60
> Log         0
> End
> 
> #COMMAND
> Name        showlayers~
> Code        do_showlayers
> Position    100
> Level       62
2876c3373
< Position    5
---
> Position    106
2878a3376
> Flags       1
2884c3382
< Position    5
---
> Position    106
2892c3390
< Position    5
---
> Position    106
2900,2901c3398,3399
< Position    0
< Level       111
---
> Position    100
> Level       58
2902a3401
> Flags       1
2908c3407
< Position    0
---
> Position    100
2916c3415
< Position    0
---
> Position    100
2924,2925c3423,3424
< Position    0
< Level       105
---
> Position    100
> Level       52
2932,2933c3431,3432
< Position    0
< Level       113
---
> Position    100
> Level       65
2940c3439
< Position    0
---
> Position    100
2948,2949c3447,3448
< Position    0
< Level       115
---
> Position    100
> Level       65
2956c3455
< Position    8
---
> Position    112
2964c3463
< Position    5
---
> Position    106
2972,2973c3471,3472
< Position    0
< Level       114
---
> Position    100
> Level       65
2980,2981c3479,3480
< Position    0
< Level       115
---
> Position    100
> Level       51
2988,2989c3487,3488
< Position    0
< Level       112
---
> Position    100
> Level       54
2996,2997c3495,3504
< Position    0
< Level       113
---
> Position    100
> Level       51
> Log         1
> End
> 
> #COMMAND
> Name        unnuisance~
> Code        do_unnuisance
> Position    100
> Level       54
3004c3511
< Position    5
---
> Position    106
3012c3519
< Position    4
---
> Position    104
3020,3021c3527,3528
< Position    0
< Level       106
---
> Position    100
> Level       55
3028,3029c3535,3544
< Position    0
< Level       108
---
> Position    100
> Level       58
> Log         0
> End
> 
> #COMMAND
> Name        victories~
> Code        do_victories
> Position    100
> Level       10
3036c3551
< Position    8
---
> Position    112
3044c3559
< Position    4
---
> Position    104
3052c3567
< Position    4
---
> Position    104
3054a3570
> Flags       1
3060c3576
< Position    0
---
> Position    100
3068c3584
< Position    6
---
> Position    107
3076c3592
< Position    0
---
> Position    100
3084c3600
< Position    5
---
> Position    107
3092c3608
< Position    5
---
> Position    106
3100c3616
< Position    5
---
> Position    106
3108c3624
< Position    0
---
> Position    100
3116,3117c3632,3633
< Position    4
< Level       1
---
> Position    104
> Level       0
3124,3125c3640,3641
< Position    0
< Level       100
---
> Position    100
> Level       51
3132,3133c3648,3649
< Position    0
< Level       111
---
> Position    100
> Level       61
3137a3654,3686
> Name        warn~
> Code        do_warn
> Position    100
> Level       58
> Log         0
> End
> 
> #COMMAND
> Name        watch~
> Code        do_watch
> Position    100
> Level       55
> Log         0
> End
> 
> #COMMAND
> Name        worth~
> Code        do_worth
> Position    100
> Level       2
> Log         0
> End
> 
> #COMMAND
> Name        whisper~
> Code        do_whisper
> Position    100
> Level       1
> Log         0
> Flags       1
> End
> 
> #COMMAND
3140c3689
< Position    5
---
> Position    106
3142a3692
> Flags       1
3148c3698
< Position    5
---
> Position    106
3156,3157c3706,3707
< Position    0
< Level       61
---
> Position    100
> Level       55
